0 info it worked if it ends with ok
1 verbose cli [ '/usr/local/bin/node', '/usr/local/bin/npm', 'run', 'test' ]
2 info using npm@6.14.12
3 info using node@v14.16.1
4 verbose run-script [ 'pretest', 'test', 'posttest' ]
5 info lifecycle toko-kopi-impact@0.1.0~pretest: toko-kopi-impact@0.1.0
6 info lifecycle toko-kopi-impact@0.1.0~test: toko-kopi-impact@0.1.0
7 verbose lifecycle toko-kopi-impact@0.1.0~test: unsafe-perm in lifecycle true
8 verbose lifecycle toko-kopi-impact@0.1.0~test: PATH: /usr/local/lib/node_modules/npm/node_modules/npm-lifecycle/node-gyp-bin:/Users/xxvvmm/Documents/documents/impact byte/Adorable-Abagizal/coffee-react-redux/node_modules/.bin:/usr/local/bin:/usr/bin:/bin:/usr/sbin:/sbin
9 verbose lifecycle toko-kopi-impact@0.1.0~test: CWD: /Users/xxvvmm/Documents/documents/impact byte/Adorable-Abagizal/coffee-react-redux
10 silly lifecycle toko-kopi-impact@0.1.0~test: Args: [ '-c', 'react-scripts test' ]
11 info lifecycle toko-kopi-impact@0.1.0~test: Failed to exec test script
12 verbose stack Error: toko-kopi-impact@0.1.0 test: `react-scripts test`
12 verbose stack spawn ENOENT
12 verbose stack     at ChildProcess.<anonymous> (/usr/local/lib/node_modules/npm/node_modules/npm-lifecycle/lib/spawn.js:48:18)
12 verbose stack     at ChildProcess.emit (events.js:315:20)
12 verbose stack     at maybeClose (internal/child_process.js:1048:16)
12 verbose stack     at Process.ChildProcess._handle.onexit (internal/child_process.js:288:5)
13 verbose pkgid toko-kopi-impact@0.1.0
14 verbose cwd /Users/xxvvmm/Documents/documents/impact byte/Adorable-Abagizal/coffee-react-redux
15 verbose Darwin 20.5.0
16 verbose argv "/usr/local/bin/node" "/usr/local/bin/npm" "run" "test"
17 verbose node v14.16.1
18 verbose npm  v6.14.12
19 error code ELIFECYCLE
20 error syscall spawn
21 error file sh
22 error errno ENOENT
23 error toko-kopi-impact@0.1.0 test: `react-scripts test`
23 error spawn ENOENT
24 error Failed at the toko-kopi-impact@0.1.0 test script.
24 error This is probably not a problem with npm. There is likely additional logging output above.
25 verbose exit [ 1, true ]
